# JRE version: Java(TM) SE Runtime Environment 18.9 (11.0.15+8) (build 11.0.15+8-LTS-149)
# Java VM: Java HotSpot(TM) 64-Bit Server VM 18.9 (11.0.15+8-LTS-149, mixed mode, tiered, compressed oops, g1 gc, windows-amd64)
Heap:
 garbage-first heap   total 157696K, used 63937K [0x0000000080000000, 0x0000000100000000)
  region size 1024K, 60 young (61440K), 8 survivors (8192K)
 Metaspace       used 42471K, capacity 43888K, committed 44080K, reserved 1087488K
  class space    used 5123K, capacity 5681K, committed 5760K, reserved 1048576K
GC Heap History (10 events):
Event: 2.385 GC heap before
{Heap before GC invocations=2 (full 0):
 garbage-first heap   total 131072K, used 16596K [0x0000000080000000, 0x0000000100000000)
  region size 1024K, 13 young (13312K), 1 survivors (1024K)
 Metaspace       used 14387K, capacity 14676K, committed 14848K, reserved 1062912K
  class space    used 1427K, capacity 1519K, committed 1536K, reserved 1048576K
}
Event: 2.392 GC heap after
{Heap after GC invocations=3 (full 0):
 garbage-first heap   total 131072K, used 5283K [0x0000000080000000, 0x0000000100000000)
  region size 1024K, 2 young (2048K), 2 survivors (2048K)
 Metaspace       used 14387K, capacity 14676K, committed 14848K, reserved 1062912K
  class space    used 1427K, capacity 1519K, committed 1536K, reserved 1048576K
}
Event: 2.848 GC heap before
{Heap before GC invocations=3 (full 0):
 garbage-first heap   total 131072K, used 20643K [0x0000000080000000, 0x0000000100000000)
  region size 1024K, 18 young (18432K), 2 survivors (2048K)
 Metaspace       used 18195K, capacity 18534K, committed 18688K, reserved 1067008K
  class space    used 1848K, capacity 1986K, committed 2048K, reserved 1048576K
}
Event: 2.858 GC heap after
{Heap after GC invocations=4 (full 0):
 garbage-first heap   total 131072K, used 6036K [0x0000000080000000, 0x0000000100000000)
  region size 1024K, 2 young (2048K), 2 survivors (2048K)
 Metaspace       used 18195K, capacity 18534K, committed 18688K, reserved 1067008K
  class space    used 1848K, capacity 1986K, committed 2048K, reserved 1048576K
}
Event: 3.509 GC heap before
{Heap before GC invocations=4 (full 0):
 garbage-first heap   total 131072K, used 16276K [0x0000000080000000, 0x0000000100000000)
  region size 1024K, 14 young (14336K), 2 survivors (2048K)
 Metaspace       used 20624K, capacity 21101K, committed 21296K, reserved 1069056K
  class space    used 2231K, capacity 2403K, committed 2432K, reserved 1048576K
}
Event: 3.518 GC heap after
{Heap after GC invocations=5 (full 0):
 garbage-first heap   total 131072K, used 6409K [0x0000000080000000, 0x0000000100000000)
  region size 1024K, 3 young (3072K), 3 survivors (3072K)
 Metaspace       used 20624K, capacity 21101K, committed 21296K, reserved 1069056K
  class space    used 2231K, capacity 2403K, committed 2432K, reserved 1048576K
}
Event: 5.561 GC heap before
{Heap before GC invocations=6 (full 0):
 garbage-first heap   total 131072K, used 39177K [0x0000000080000000, 0x0000000100000000)
  region size 1024K, 35 young (35840K), 3 survivors (3072K)
 Metaspace       used 24849K, capacity 25563K, committed 25776K, reserved 1073152K
  class space    used 2753K, capacity 3030K, committed 3072K, reserved 1048576K
}
Event: 5.585 GC heap after
{Heap after GC invocations=7 (full 0):
 garbage-first heap   total 157696K, used 8241K [0x0000000080000000, 0x0000000100000000)
  region size 1024K, 4 young (4096K), 4 survivors (4096K)
 Metaspace       used 24849K, capacity 25563K, committed 25776K, reserved 1073152K
  class space    used 2753K, capacity 3030K, committed 3072K, reserved 1048576K
}
Event: 9.219 GC heap before
{Heap before GC invocations=7 (full 0):
 garbage-first heap   total 157696K, used 69681K [0x0000000080000000, 0x0000000100000000)
  region size 1024K, 65 young (66560K), 4 survivors (4096K)
 Metaspace       used 34601K, capacity 35525K, committed 35632K, reserved 1081344K
  class space    used 4013K, capacity 4384K, committed 4480K, reserved 1048576K
}
Event: 9.250 GC heap after
{Heap after GC invocations=8 (full 0):
 garbage-first heap   total 157696K, used 11713K [0x0000000080000000, 0x0000000100000000)
  region size 1024K, 8 young (8192K), 8 survivors (8192K)
 Metaspace       used 34601K, capacity 35525K, committed 35632K, reserved 1081344K
  class space    used 4013K, capacity 4384K, committed 4480K, reserved 1048576K
}

