# JRE version: OpenJDK Runtime Environment (18.0.2.1+1) (build 18.0.2.1+1-1)
# Java VM: OpenJDK 64-Bit Server VM (18.0.2.1+1-1, mixed mode, sharing, tiered, compressed oops, compressed class ptrs, g1 gc, windows-amd64)
GC Precious Log:
 CardTable entry size: 512
 Card Set container configuration: InlinePtr #cards 5 size 8 Array Of Cards #cards 12 size 40 Howl #buckets 4 coarsen threshold 1843 Howl Bitmap #cards 512 size 80 coarsen threshold 460 Card regions per heap region 1 cards per card region 2048
 CPUs: 2 total, 2 available
 Memory: 8190M
 Large Page Support: Disabled
 NUMA Support: Disabled
 Compressed Oops: Enabled (32-bit)
 Heap Region Size: 1M
 Heap Min Capacity: 8M
 Heap Initial Capacity: 128M
 Heap Max Capacity: 2G
 Pre-touch: Disabled
 Parallel Workers: 2
 Concurrent Workers: 1
 Concurrent Refinement Workers: 2
 Periodic GC: Disabled
Heap:
 garbage-first heap   total 81920K, used 27735K [0x0000000080000000, 0x0000000100000000)
  region size 1024K, 9 young (9216K), 3 survivors (3072K)
 Metaspace       used 36518K, committed 36928K, reserved 1114112K
  class space    used 4358K, committed 4544K, reserved 1048576K
GC Heap History (20 events):
Event: 4.975 GC heap before
{Heap before GC invocations=4 (full 0):
 garbage-first heap   total 131072K, used 25945K [0x0000000080000000, 0x0000000100000000)
  region size 1024K, 23 young (23552K), 5 survivors (5120K)
 Metaspace       used 21191K, committed 21504K, reserved 1114112K
  class space    used 2582K, committed 2752K, reserved 1048576K
}
Event: 4.996 GC heap after
{Heap after GC invocations=5 (full 0):
 garbage-first heap   total 157696K, used 10280K [0x0000000080000000, 0x0000000100000000)
  region size 1024K, 7 young (7168K), 7 survivors (7168K)
 Metaspace       used 21191K, committed 21504K, reserved 1114112K
  class space    used 2582K, committed 2752K, reserved 1048576K
}
Event: 5.841 GC heap before
{Heap before GC invocations=6 (full 0):
 garbage-first heap   total 40960K, used 27688K [0x0000000080000000, 0x0000000100000000)
  region size 1024K, 24 young (24576K), 7 survivors (7168K)
 Metaspace       used 21914K, committed 22208K, reserved 1114112K
  class space    used 2661K, committed 2816K, reserved 1048576K
}
Event: 5.870 GC heap after
{Heap after GC invocations=7 (full 0):
 garbage-first heap   total 40960K, used 11993K [0x0000000080000000, 0x0000000100000000)
  region size 1024K, 2 young (2048K), 2 survivors (2048K)
 Metaspace       used 21914K, committed 22208K, reserved 1114112K
  class space    used 2661K, committed 2816K, reserved 1048576K
}
Event: 5.919 GC heap before
{Heap before GC invocations=7 (full 0):
 garbage-first heap   total 40960K, used 13017K [0x0000000080000000, 0x0000000100000000)
  region size 1024K, 3 young (3072K), 2 survivors (2048K)
 Metaspace       used 21970K, committed 22272K, reserved 1114112K
  class space    used 2668K, committed 2816K, reserved 1048576K
}
Event: 5.931 GC heap after
{Heap after GC invocations=8 (full 0):
 garbage-first heap   total 40960K, used 12643K [0x0000000080000000, 0x0000000100000000)
  region size 1024K, 1 young (1024K), 1 survivors (1024K)
 Metaspace       used 21970K, committed 22272K, reserved 1114112K
  class space    used 2668K, committed 2816K, reserved 1048576K
}
Event: 6.783 GC heap before
{Heap before GC invocations=8 (full 0):
 garbage-first heap   total 40960K, used 28003K [0x0000000080000000, 0x0000000100000000)
  region size 1024K, 17 young (17408K), 1 survivors (1024K)
 Metaspace       used 23851K, committed 24192K, reserved 1114112K
  class space    used 2908K, committed 3072K, reserved 1048576K
}
Event: 6.793 GC heap after
{Heap after GC invocations=9 (full 0):
 garbage-first heap   total 40960K, used 13588K [0x0000000080000000, 0x0000000100000000)
  region size 1024K, 2 young (2048K), 2 survivors (2048K)
 Metaspace       used 23851K, committed 24192K, reserved 1114112K
  class space    used 2908K, committed 3072K, reserved 1048576K
}
Event: 7.596 GC heap before
{Heap before GC invocations=9 (full 0):
 garbage-first heap   total 40960K, used 29972K [0x0000000080000000, 0x0000000100000000)
  region size 1024K, 18 young (18432K), 2 survivors (2048K)
 Metaspace       used 27291K, committed 27584K, reserved 1114112K
  class space    used 3303K, committed 3456K, reserved 1048576K
}
Event: 7.608 GC heap after
{Heap after GC invocations=10 (full 0):
 garbage-first heap   total 40960K, used 14895K [0x0000000080000000, 0x0000000100000000)
  region size 1024K, 3 young (3072K), 3 survivors (3072K)
 Metaspace       used 27291K, committed 27584K, reserved 1114112K
  class space    used 3303K, committed 3456K, reserved 1048576K
}
Event: 8.486 GC heap before
{Heap before GC invocations=10 (full 0):
 garbage-first heap   total 40960K, used 31279K [0x0000000080000000, 0x0000000100000000)
  region size 1024K, 19 young (19456K), 3 survivors (3072K)
 Metaspace       used 28713K, committed 29056K, reserved 1114112K
  class space    used 3472K, committed 3648K, reserved 1048576K
}
Event: 8.507 GC heap after
{Heap after GC invocations=11 (full 0):
 garbage-first heap   total 71680K, used 16242K [0x0000000080000000, 0x0000000100000000)
  region size 1024K, 3 young (3072K), 3 survivors (3072K)
 Metaspace       used 28713K, committed 29056K, reserved 1114112K
  class space    used 3472K, committed 3648K, reserved 1048576K
}
Event: 10.196 GC heap before
{Heap before GC invocations=11 (full 0):
 garbage-first heap   total 71680K, used 54130K [0x0000000080000000, 0x0000000100000000)
  region size 1024K, 41 young (41984K), 3 survivors (3072K)
 Metaspace       used 32409K, committed 32832K, reserved 1114112K
  class space    used 3872K, committed 4096K, reserved 1048576K
}
Event: 10.218 GC heap after
{Heap after GC invocations=12 (full 0):
 garbage-first heap   total 71680K, used 18565K [0x0000000080000000, 0x0000000100000000)
  region size 1024K, 5 young (5120K), 5 survivors (5120K)
 Metaspace       used 32409K, committed 32832K, reserved 1114112K
  class space    used 3872K, committed 4096K, reserved 1048576K
}
Event: 11.378 GC heap before
{Heap before GC invocations=12 (full 0):
 garbage-first heap   total 71680K, used 55429K [0x0000000080000000, 0x0000000100000000)
  region size 1024K, 41 young (41984K), 5 survivors (5120K)
 Metaspace       used 33783K, committed 34112K, reserved 1114112K
  class space    used 4049K, committed 4224K, reserved 1048576K
}
Event: 11.406 GC heap after
{Heap after GC invocations=13 (full 0):
 garbage-first heap   total 71680K, used 20863K [0x0000000080000000, 0x0000000100000000)
  region size 1024K, 5 young (5120K), 5 survivors (5120K)
 Metaspace       used 33783K, committed 34112K, reserved 1114112K
  class space    used 4049K, committed 4224K, reserved 1048576K
}
Event: 12.599 GC heap before
{Heap before GC invocations=13 (full 0):
 garbage-first heap   total 71680K, used 55679K [0x0000000080000000, 0x0000000100000000)
  region size 1024K, 39 young (39936K), 5 survivors (5120K)
 Metaspace       used 35300K, committed 35648K, reserved 1114112K
  class space    used 4235K, committed 4416K, reserved 1048576K
}
Event: 12.626 GC heap after
{Heap after GC invocations=14 (full 0):
 garbage-first heap   total 71680K, used 22291K [0x0000000080000000, 0x0000000100000000)
  region size 1024K, 2 young (2048K), 2 survivors (2048K)
 Metaspace       used 35300K, committed 35648K, reserved 1114112K
  class space    used 4235K, committed 4416K, reserved 1048576K
}
Event: 12.836 GC heap before
{Heap before GC invocations=14 (full 0):
 garbage-first heap   total 71680K, used 25363K [0x0000000080000000, 0x0000000100000000)
  region size 1024K, 6 young (6144K), 2 survivors (2048K)
 Metaspace       used 35616K, committed 35968K, reserved 1114112K
  class space    used 4260K, committed 4416K, reserved 1048576K
}
Event: 12.847 GC heap after
{Heap after GC invocations=15 (full 0):
 garbage-first heap   total 86016K, used 22615K [0x0000000080000000, 0x0000000100000000)
  region size 1024K, 3 young (3072K), 3 survivors (3072K)
 Metaspace       used 35616K, committed 35968K, reserved 1114112K
  class space    used 4260K, committed 4416K, reserved 1048576K
}

