# JRE version: OpenJDK Runtime Environment (18.0.2.1+1) (build 18.0.2.1+1-1)
# Java VM: OpenJDK 64-Bit Server VM (18.0.2.1+1-1, mixed mode, sharing, tiered, compressed oops, compressed class ptrs, g1 gc, windows-amd64)
GC Precious Log:
 CardTable entry size: 512
 Card Set container configuration: InlinePtr #cards 5 size 8 Array Of Cards #cards 12 size 40 Howl #buckets 4 coarsen threshold 1843 Howl Bitmap #cards 512 size 80 coarsen threshold 460 Card regions per heap region 1 cards per card region 2048
 CPUs: 2 total, 2 available
 Memory: 8190M
 Large Page Support: Disabled
 NUMA Support: Disabled
 Compressed Oops: Enabled (32-bit)
 Heap Region Size: 1M
 Heap Min Capacity: 8M
 Heap Initial Capacity: 128M
 Heap Max Capacity: 2G
 Pre-touch: Disabled
 Parallel Workers: 2
 Concurrent Workers: 1
 Concurrent Refinement Workers: 2
 Periodic GC: Disabled
Heap:
 garbage-first heap   total 72704K, used 31662K [0x0000000080000000, 0x0000000100000000)
  region size 1024K, 12 young (12288K), 2 survivors (2048K)
 Metaspace       used 37623K, committed 38016K, reserved 1114112K
  class space    used 4495K, committed 4672K, reserved 1048576K
GC Heap History (20 events):
Event: 5.616 GC heap before
{Heap before GC invocations=7 (full 0):
 garbage-first heap   total 34816K, used 12884K [0x0000000080000000, 0x0000000100000000)
  region size 1024K, 3 young (3072K), 2 survivors (2048K)
 Metaspace       used 21841K, committed 22144K, reserved 1114112K
  class space    used 2659K, committed 2816K, reserved 1048576K
}
Event: 5.624 GC heap after
{Heap after GC invocations=8 (full 0):
 garbage-first heap   total 34816K, used 11726K [0x0000000080000000, 0x0000000100000000)
  region size 1024K, 1 young (1024K), 1 survivors (1024K)
 Metaspace       used 21841K, committed 22144K, reserved 1114112K
  class space    used 2659K, committed 2816K, reserved 1048576K
}
Event: 6.347 GC heap before
{Heap before GC invocations=8 (full 0):
 garbage-first heap   total 34816K, used 22990K [0x0000000080000000, 0x0000000100000000)
  region size 1024K, 13 young (13312K), 1 survivors (1024K)
 Metaspace       used 23164K, committed 23488K, reserved 1114112K
  class space    used 2841K, committed 3008K, reserved 1048576K
}
Event: 6.354 GC heap after
{Heap after GC invocations=9 (full 0):
 garbage-first heap   total 34816K, used 12617K [0x0000000080000000, 0x0000000100000000)
  region size 1024K, 2 young (2048K), 2 survivors (2048K)
 Metaspace       used 23164K, committed 23488K, reserved 1114112K
  class space    used 2841K, committed 3008K, reserved 1048576K
}
Event: 6.820 GC heap before
{Heap before GC invocations=9 (full 0):
 garbage-first heap   total 34816K, used 24905K [0x0000000080000000, 0x0000000100000000)
  region size 1024K, 14 young (14336K), 2 survivors (2048K)
 Metaspace       used 24493K, committed 24768K, reserved 1114112K
  class space    used 2974K, committed 3072K, reserved 1048576K
}
Event: 6.831 GC heap after
{Heap after GC invocations=10 (full 0):
 garbage-first heap   total 34816K, used 13589K [0x0000000080000000, 0x0000000100000000)
  region size 1024K, 1 young (1024K), 1 survivors (1024K)
 Metaspace       used 24493K, committed 24768K, reserved 1114112K
  class space    used 2974K, committed 3072K, reserved 1048576K
}
Event: 7.441 GC heap before
{Heap before GC invocations=10 (full 0):
 garbage-first heap   total 34816K, used 24853K [0x0000000080000000, 0x0000000100000000)
  region size 1024K, 13 young (13312K), 1 survivors (1024K)
 Metaspace       used 27370K, committed 27648K, reserved 1114112K
  class space    used 3313K, committed 3456K, reserved 1048576K
}
Event: 7.448 GC heap after
{Heap after GC invocations=11 (full 0):
 garbage-first heap   total 34816K, used 14549K [0x0000000080000000, 0x0000000100000000)
  region size 1024K, 2 young (2048K), 2 survivors (2048K)
 Metaspace       used 27370K, committed 27648K, reserved 1114112K
  class space    used 3313K, committed 3456K, reserved 1048576K
}
Event: 8.073 GC heap before
{Heap before GC invocations=11 (full 0):
 garbage-first heap   total 34816K, used 25813K [0x0000000080000000, 0x0000000100000000)
  region size 1024K, 13 young (13312K), 2 survivors (2048K)
 Metaspace       used 28462K, committed 28800K, reserved 1114112K
  class space    used 3443K, committed 3584K, reserved 1048576K
}
Event: 8.084 GC heap after
{Heap after GC invocations=12 (full 0):
 garbage-first heap   total 60416K, used 15475K [0x0000000080000000, 0x0000000100000000)
  region size 1024K, 2 young (2048K), 2 survivors (2048K)
 Metaspace       used 28462K, committed 28800K, reserved 1114112K
  class space    used 3443K, committed 3584K, reserved 1048576K
}
Event: 9.453 GC heap before
{Heap before GC invocations=12 (full 0):
 garbage-first heap   total 60416K, used 43123K [0x0000000080000000, 0x0000000100000000)
  region size 1024K, 30 young (30720K), 2 survivors (2048K)
 Metaspace       used 31561K, committed 32000K, reserved 1114112K
  class space    used 3750K, committed 3968K, reserved 1048576K
}
Event: 9.473 GC heap after
{Heap after GC invocations=13 (full 0):
 garbage-first heap   total 60416K, used 17255K [0x0000000080000000, 0x0000000100000000)
  region size 1024K, 4 young (4096K), 4 survivors (4096K)
 Metaspace       used 31561K, committed 32000K, reserved 1114112K
  class space    used 3750K, committed 3968K, reserved 1048576K
}
Event: 10.562 GC heap before
{Heap before GC invocations=13 (full 0):
 garbage-first heap   total 60416K, used 44903K [0x0000000080000000, 0x0000000100000000)
  region size 1024K, 31 young (31744K), 4 survivors (4096K)
 Metaspace       used 33023K, committed 33408K, reserved 1114112K
  class space    used 3948K, committed 4160K, reserved 1048576K
}
Event: 10.583 GC heap after
{Heap after GC invocations=14 (full 0):
 garbage-first heap   total 60416K, used 18748K [0x0000000080000000, 0x0000000100000000)
  region size 1024K, 4 young (4096K), 4 survivors (4096K)
 Metaspace       used 33023K, committed 33408K, reserved 1114112K
  class space    used 3948K, committed 4160K, reserved 1048576K
}
Event: 11.397 GC heap before
{Heap before GC invocations=14 (full 0):
 garbage-first heap   total 60416K, used 46396K [0x0000000080000000, 0x0000000100000000)
  region size 1024K, 31 young (31744K), 4 survivors (4096K)
 Metaspace       used 34331K, committed 34752K, reserved 1114112K
  class space    used 4113K, committed 4288K, reserved 1048576K
}
Event: 11.422 GC heap after
{Heap after GC invocations=15 (full 0):
 garbage-first heap   total 60416K, used 20862K [0x0000000080000000, 0x0000000100000000)
  region size 1024K, 4 young (4096K), 4 survivors (4096K)
 Metaspace       used 34331K, committed 34752K, reserved 1114112K
  class space    used 4113K, committed 4288K, reserved 1048576K
}
Event: 12.891 GC heap before
{Heap before GC invocations=15 (full 0):
 garbage-first heap   total 60416K, used 47486K [0x0000000080000000, 0x0000000100000000)
  region size 1024K, 30 young (30720K), 4 survivors (4096K)
 Metaspace       used 35196K, committed 35584K, reserved 1114112K
  class space    used 4217K, committed 4416K, reserved 1048576K
}
Event: 12.909 GC heap after
{Heap after GC invocations=16 (full 0):
 garbage-first heap   total 72704K, used 21803K [0x0000000080000000, 0x0000000100000000)
  region size 1024K, 3 young (3072K), 3 survivors (3072K)
 Metaspace       used 35196K, committed 35584K, reserved 1114112K
  class space    used 4217K, committed 4416K, reserved 1048576K
}
Event: 13.290 GC heap before
{Heap before GC invocations=16 (full 0):
 garbage-first heap   total 72704K, used 29995K [0x0000000080000000, 0x0000000100000000)
  region size 1024K, 12 young (12288K), 3 survivors (3072K)
 Metaspace       used 35604K, committed 35968K, reserved 1114112K
  class space    used 4254K, committed 4416K, reserved 1048576K
}
Event: 13.309 GC heap after
{Heap after GC invocations=17 (full 0):
 garbage-first heap   total 72704K, used 22446K [0x0000000080000000, 0x0000000100000000)
  region size 1024K, 2 young (2048K), 2 survivors (2048K)
 Metaspace       used 35604K, committed 35968K, reserved 1114112K
  class space    used 4254K, committed 4416K, reserved 1048576K
}

